INFO:root:Il medico M000001 ha rifiutato la seguente terapia concomitante:RINAZINA, 2012-01-01 per il paziente P000001
INFO:root:Il medico M000001 ha rifiutato la seguente terapia concomitante:RINAZINA, 2012-01-01 per il paziente P000001
INFO:root:Il medico M000001 ha rifiutato la seguente terapia concomitante:RINAZINA, 2012-01-01 per il paziente P000001
INFO:root:Il medico M000001 ha rifiutato la seguente terapia concomitante:ATORVASTATINA, 2023-06-26 per il paziente P000001
INFO:root:Il medico M000001 ha aggiunto la seguente terapia concomitante:CIPROFLOXACINA, 2023-06-26 per il paziente P000001
INFO:root:Il medico M000001 ha aggiunto la seguente terapia ipertensiva:FOSINOPRIL, 2023-06-26 per il paziente P000001
INFO:root:Il medico M000001 ha modificato i fattori di riscchio del paziente: P000001
INFO:root:Il medico M000001 ha modificato i fattori di riscchio del paziente: P000001
INFO:root:Il medico M000001 ha modificato i fattori di riscchio del paziente: P000001
INFO:root:Il medico M000001 ha modificato la seguente terapia ipertensiva:VALSARTAN, 2023-12-12 per il paziente P000001
INFO:root:Il medico M000001 ha accettato la seguente patologia concomitante:ASMA, 2023-06-28 per il paziente P000001
INFO:root:Il medico M000001 ha accettato la seguente patologia concomitante:DISTURBI ENDOCRINI, 2023-06-28 per il paziente P000001
INFO:root:Il medico M000001 ha aggiunto la seguente terapia concomitante:CETIRIZINA, 2022-06-15 per il paziente P000001
INFO:root:Il medico M000001 ha modificato la seguente terapia concomitante:CETIRIZINA, 2022-06-15 per il paziente P000001
INFO:root:Il medico M000001 ha modificato la seguente terapia concomitante:CETIRIZINA, 2022-06-15 per il paziente P000001
INFO:root:Il medico M000001 ha modificato la seguente terapia concomitante:CETIRIZINA, 2022-06-15 per il paziente P000001
INFO:root:Il medico M000001 ha modificato la seguente terapia concomitante:CETIRIZINA, 2022-06-15 per il paziente P000001
INFO:root:Il medico M000001 ha modificato la seguente terapia concomitante:CETIRIZINA, 2022-06-15 per il paziente P000001
INFO:root:Il medico M000001 ha modificato la seguente terapia concomitante:CETIRIZINA, 2022-06-15 per il paziente P000001
INFO:root:Il medico M000001 ha modificato la seguente terapia concomitante:CETIRIZINA, 2022-06-15 per il paziente P000001
INFO:root:Il medico M000001 ha accettato la seguente patologia concomitante:MALATTIE RENALI, 2023-06-29 per il paziente P000001
INFO:root:Il medico M000001 ha modificato la seguente patologia concomitante:EPILESSIA, 2023-06-29 00:00:00 per il paziente P000001
INFO:root:Il medico M000001 ha modificato i fattori di riscchio del paziente: P000001
INFO:root:Il medico M000001 ha modificato i fattori di riscchio del paziente: P000001
INFO:root:Il medico M000001 ha aggiunto la seguente terapia ipertensiva:BISOPROLOLO, 2021-07-07 per il paziente P000001
INFO:root:Il medico M000001 ha modificato la seguente terapia ipertensiva:BENAZAPRIL, 2020-09-08 per il paziente P000001
INFO:root:Il medico M000001 ha modificato la seguente terapia ipertensiva:CAPTOPRIL, 2019-10-14 per il paziente P000001
INFO:root:Il medico M000001 ha modificato la seguente terapia ipertensiva:BISOPROLOLO, 2021-07-07 per il paziente P000001
INFO:root:Il medico M000001 ha reso pregressa la seguente terapia ipertensiva:BISOPROLOLO, 2021-07-07 per il paziente P000001
INFO:root:Il medico M000001 ha aggiunto la seguente terapia ipertensiva:ENALAPRIL, 2023-07-04 per il paziente P000001
INFO:root:Il medico M000001 ha cancellato la seguente terapia ipertensiva:ENALAPRIL, 2023-07-04 per il paziente P000001
INFO:root:Il medico M000001 ha aggiunto la seguente terapia ipertensiva:BENAZAPRIL, 2023-07-04 per il paziente P071816
INFO:root:Il medico M000001 ha cancellato la seguente terapia ipertensiva:BENAZAPRIL, 2023-07-04 per il paziente P071816
INFO:root:Il medico M000001 ha aggiunto la seguente terapia ipertensiva:AMLODIPINA, 2024-07-19 per il paziente P071816
DEBUG:PIL.PngImagePlugin:STREAM b'IHDR' 16 13
DEBUG:PIL.PngImagePlugin:STREAM b'pHYs' 41 9
DEBUG:PIL.PngImagePlugin:STREAM b'IDAT' 62 8192
DEBUG:PIL.PngImagePlugin:STREAM b'IHDR' 16 13
DEBUG:PIL.PngImagePlugin:STREAM b'pHYs' 41 9
DEBUG:PIL.PngImagePlugin:STREAM b'IDAT' 62 8192
INFO:root:Il medico M000001 ha modificato la seguente terapia ipertensiva:AMLODIPINA, 2023-07-04 per il paziente P071816
DEBUG:PIL.PngImagePlugin:STREAM b'IHDR' 16 13
DEBUG:PIL.PngImagePlugin:STREAM b'pHYs' 41 9
DEBUG:PIL.PngImagePlugin:STREAM b'IDAT' 62 8192
